[2026-04-16T04:48:14.130+0000] {manager.py:470} INFO - Processing files using up to 2 processes at a time 
[2026-04-16T04:48:14.130+0000] {manager.py:471} INFO - Process each file at most once every 30 seconds
[2026-04-16T04:48:14.130+0000] {manager.py:472} INFO - Checking for new files in /opt/airflow/dags every 300 seconds
[2026-04-16T04:48:14.130+0000] {manager.py:737} INFO - Searching for files in /opt/airflow/dags
[2026-04-16T04:48:14.131+0000] {manager.py:740} INFO - There are 0 files in /opt/airflow/dags
[2026-04-16T04:53:15.054+0000] {manager.py:737} INFO - Searching for files in /opt/airflow/dags
[2026-04-16T04:53:15.056+0000] {manager.py:740} INFO - There are 0 files in /opt/airflow/dags
[2026-04-16T04:58:15.707+0000] {manager.py:737} INFO - Searching for files in /opt/airflow/dags
[2026-04-16T04:58:15.707+0000] {manager.py:740} INFO - There are 0 files in /opt/airflow/dags
[2026-04-16T05:03:16.315+0000] {manager.py:737} INFO - Searching for files in /opt/airflow/dags
[2026-04-16T05:03:16.316+0000] {manager.py:740} INFO - There are 0 files in /opt/airflow/dags
[2026-04-16T05:08:17.051+0000] {manager.py:737} INFO - Searching for files in /opt/airflow/dags
[2026-04-16T05:08:17.051+0000] {manager.py:740} INFO - There are 0 files in /opt/airflow/dags
[2026-04-16T05:13:17.373+0000] {manager.py:737} INFO - Searching for files in /opt/airflow/dags
[2026-04-16T05:13:17.373+0000] {manager.py:740} INFO - There are 0 files in /opt/airflow/dags
[2026-04-16T05:18:17.428+0000] {manager.py:737} INFO - Searching for files in /opt/airflow/dags
[2026-04-16T05:18:17.429+0000] {manager.py:740} INFO - There are 0 files in /opt/airflow/dags
[2026-04-16T05:23:17.903+0000] {manager.py:737} INFO - Searching for files in /opt/airflow/dags
[2026-04-16T05:23:17.904+0000] {manager.py:740} INFO - There are 0 files in /opt/airflow/dags
[2026-04-16T05:28:18.712+0000] {manager.py:737} INFO - Searching for files in /opt/airflow/dags
[2026-04-16T05:28:18.713+0000] {manager.py:740} INFO - There are 0 files in /opt/airflow/dags
[2026-04-16T05:33:19.393+0000] {manager.py:737} INFO - Searching for files in /opt/airflow/dags
[2026-04-16T05:33:19.394+0000] {manager.py:740} INFO - There are 0 files in /opt/airflow/dags
[2026-04-16T05:38:20.008+0000] {manager.py:737} INFO - Searching for files in /opt/airflow/dags
[2026-04-16T05:38:20.008+0000] {manager.py:740} INFO - There are 0 files in /opt/airflow/dags
[2026-04-16T05:43:20.627+0000] {manager.py:737} INFO - Searching for files in /opt/airflow/dags
[2026-04-16T05:43:20.629+0000] {manager.py:740} INFO - There are 0 files in /opt/airflow/dags
[2026-04-16T05:48:21.328+0000] {manager.py:737} INFO - Searching for files in /opt/airflow/dags
[2026-04-16T05:48:21.329+0000] {manager.py:740} INFO - There are 0 files in /opt/airflow/dags
[2026-04-16T05:50:56.228+0000] {manager.py:452} INFO - Exiting gracefully upon receiving signal 15
[2026-04-16T14:27:11.300+0000] {manager.py:470} INFO - Processing files using up to 2 processes at a time 
[2026-04-16T14:27:11.300+0000] {manager.py:471} INFO - Process each file at most once every 30 seconds
[2026-04-16T14:27:11.301+0000] {manager.py:472} INFO - Checking for new files in /opt/airflow/dags every 300 seconds
[2026-04-16T14:27:11.301+0000] {manager.py:737} INFO - Searching for files in /opt/airflow/dags
[2026-04-16T14:27:11.301+0000] {manager.py:740} INFO - There are 0 files in /opt/airflow/dags
[2026-04-16T14:32:11.358+0000] {manager.py:737} INFO - Searching for files in /opt/airflow/dags
[2026-04-16T14:32:11.359+0000] {manager.py:740} INFO - There are 0 files in /opt/airflow/dags
[2026-04-16T14:35:53.970+0000] {manager.py:452} INFO - Exiting gracefully upon receiving signal 15
[2026-04-16T14:37:04.888+0000] {manager.py:470} INFO - Processing files using up to 2 processes at a time 
[2026-04-16T14:37:04.889+0000] {manager.py:471} INFO - Process each file at most once every 30 seconds
[2026-04-16T14:37:04.889+0000] {manager.py:472} INFO - Checking for new files in /opt/airflow/dags every 300 seconds
[2026-04-16T14:37:04.889+0000] {manager.py:737} INFO - Searching for files in /opt/airflow/dags
[2026-04-16T14:37:04.890+0000] {manager.py:740} INFO - There are 0 files in /opt/airflow/dags
[2026-04-16T14:39:43.767+0000] {manager.py:452} INFO - Exiting gracefully upon receiving signal 15
[2026-04-16T14:41:14.822+0000] {manager.py:470} INFO - Processing files using up to 2 processes at a time 
[2026-04-16T14:41:14.823+0000] {manager.py:471} INFO - Process each file at most once every 30 seconds
[2026-04-16T14:41:14.823+0000] {manager.py:472} INFO - Checking for new files in /opt/airflow/dags every 300 seconds
[2026-04-16T14:41:14.823+0000] {manager.py:737} INFO - Searching for files in /opt/airflow/dags
[2026-04-16T14:41:14.824+0000] {manager.py:740} INFO - There are 0 files in /opt/airflow/dags
[2026-04-16T14:42:02.512+0000] {manager.py:452} INFO - Exiting gracefully upon receiving signal 15
[2026-04-16T14:43:06.152+0000] {manager.py:470} INFO - Processing files using up to 2 processes at a time 
[2026-04-16T14:43:06.153+0000] {manager.py:471} INFO - Process each file at most once every 30 seconds
[2026-04-16T14:43:06.153+0000] {manager.py:472} INFO - Checking for new files in /opt/airflow/dags every 300 seconds
[2026-04-16T14:43:06.154+0000] {manager.py:737} INFO - Searching for files in /opt/airflow/dags
[2026-04-16T14:43:06.154+0000] {manager.py:740} INFO - There are 0 files in /opt/airflow/dags
